# JRE version: OpenJDK Runtime Environment Temurin-17.0.12+7 (17.0.12+7) (build 17.0.12+7)
# Java VM: OpenJDK 64-Bit Server VM Temurin-17.0.12+7 (17.0.12+7, mixed mode, emulated-client, tiered, compressed oops, compressed class ptrs, g1 gc, windows-amd64)
GC Precious Log:
 CPUs: 4 total, 4 available
 Memory: 7384M
 Large Page Support: Disabled
 NUMA Support: Disabled
 Compressed Oops: Enabled (32-bit)
 Heap Region Size: 1M
 Heap Min Capacity: 8M
 Heap Initial Capacity: 116M
 Heap Max Capacity: 1G
 Pre-touch: Disabled
 Parallel Workers: 4
 Concurrent Workers: 1
 Concurrent Refinement Workers: 4
 Periodic GC: Disabled
Heap:
 garbage-first heap   total 91136K, used 31763K [0x00000000c0000000, 0x0000000100000000)
  region size 1024K, 1 young (1024K), 0 survivors (0K)
 Metaspace       used 60375K, committed 60736K, reserved 1114112K
  class space    used 7571K, committed 7744K, reserved 1048576K
GC Heap History (20 events):
Event: 33628.122 GC heap after
{Heap after GC invocations=3157 (full 3138):
 garbage-first heap   total 91136K, used 31763K [0x00000000c0000000, 0x0000000100000000)
  region size 1024K, 0 young (0K), 0 survivors (0K)
 Metaspace       used 60375K, committed 60736K, reserved 1114112K
  class space    used 7571K, committed 7744K, reserved 1048576K
}
Event: 33639.450 GC heap before
{Heap before GC invocations=3157 (full 3138):
 garbage-first heap   total 91136K, used 31763K [0x00000000c0000000, 0x0000000100000000)
  region size 1024K, 1 young (1024K), 0 survivors (0K)
 Metaspace       used 60375K, committed 60736K, reserved 1114112K
  class space    used 7571K, committed 7744K, reserved 1048576K
}
Event: 33639.480 GC heap after
{Heap after GC invocations=3158 (full 3139):
 garbage-first heap   total 91136K, used 31763K [0x00000000c0000000, 0x0000000100000000)
  region size 1024K, 0 young (0K), 0 survivors (0K)
 Metaspace       used 60375K, committed 60736K, reserved 1114112K
  class space    used 7571K, committed 7744K, reserved 1048576K
}
Event: 33649.608 GC heap before
{Heap before GC invocations=3158 (full 3139):
 garbage-first heap   total 91136K, used 31763K [0x00000000c0000000, 0x0000000100000000)
  region size 1024K, 1 young (1024K), 0 survivors (0K)
 Metaspace       used 60375K, committed 60736K, reserved 1114112K
  class space    used 7571K, committed 7744K, reserved 1048576K
}
Event: 33649.636 GC heap after
{Heap after GC invocations=3159 (full 3140):
 garbage-first heap   total 91136K, used 31763K [0x00000000c0000000, 0x0000000100000000)
  region size 1024K, 0 young (0K), 0 survivors (0K)
 Metaspace       used 60375K, committed 60736K, reserved 1114112K
  class space    used 7571K, committed 7744K, reserved 1048576K
}
Event: 33663.036 GC heap before
{Heap before GC invocations=3159 (full 3140):
 garbage-first heap   total 91136K, used 31763K [0x00000000c0000000, 0x0000000100000000)
  region size 1024K, 1 young (1024K), 0 survivors (0K)
 Metaspace       used 60375K, committed 60736K, reserved 1114112K
  class space    used 7571K, committed 7744K, reserved 1048576K
}
Event: 33663.068 GC heap after
{Heap after GC invocations=3160 (full 3141):
 garbage-first heap   total 91136K, used 31763K [0x00000000c0000000, 0x0000000100000000)
  region size 1024K, 0 young (0K), 0 survivors (0K)
 Metaspace       used 60375K, committed 60736K, reserved 1114112K
  class space    used 7571K, committed 7744K, reserved 1048576K
}
Event: 33673.184 GC heap before
{Heap before GC invocations=3160 (full 3141):
 garbage-first heap   total 91136K, used 31763K [0x00000000c0000000, 0x0000000100000000)
  region size 1024K, 1 young (1024K), 0 survivors (0K)
 Metaspace       used 60375K, committed 60736K, reserved 1114112K
  class space    used 7571K, committed 7744K, reserved 1048576K
}
Event: 33673.212 GC heap after
{Heap after GC invocations=3161 (full 3142):
 garbage-first heap   total 91136K, used 31763K [0x00000000c0000000, 0x0000000100000000)
  region size 1024K, 0 young (0K), 0 survivors (0K)
 Metaspace       used 60375K, committed 60736K, reserved 1114112K
  class space    used 7571K, committed 7744K, reserved 1048576K
}
Event: 33683.342 GC heap before
{Heap before GC invocations=3161 (full 3142):
 garbage-first heap   total 91136K, used 31763K [0x00000000c0000000, 0x0000000100000000)
  region size 1024K, 1 young (1024K), 0 survivors (0K)
 Metaspace       used 60375K, committed 60736K, reserved 1114112K
  class space    used 7571K, committed 7744K, reserved 1048576K
}
Event: 33683.368 GC heap after
{Heap after GC invocations=3162 (full 3143):
 garbage-first heap   total 91136K, used 31763K [0x00000000c0000000, 0x0000000100000000)
  region size 1024K, 0 young (0K), 0 survivors (0K)
 Metaspace       used 60375K, committed 60736K, reserved 1114112K
  class space    used 7571K, committed 7744K, reserved 1048576K
}
Event: 33694.054 GC heap before
{Heap before GC invocations=3162 (full 3143):
 garbage-first heap   total 91136K, used 31763K [0x00000000c0000000, 0x0000000100000000)
  region size 1024K, 1 young (1024K), 0 survivors (0K)
 Metaspace       used 60375K, committed 60736K, reserved 1114112K
  class space    used 7571K, committed 7744K, reserved 1048576K
}
Event: 33694.089 GC heap after
{Heap after GC invocations=3163 (full 3144):
 garbage-first heap   total 91136K, used 31763K [0x00000000c0000000, 0x0000000100000000)
  region size 1024K, 0 young (0K), 0 survivors (0K)
 Metaspace       used 60375K, committed 60736K, reserved 1114112K
  class space    used 7571K, committed 7744K, reserved 1048576K
}
Event: 33704.267 GC heap before
{Heap before GC invocations=3163 (full 3144):
 garbage-first heap   total 91136K, used 31763K [0x00000000c0000000, 0x0000000100000000)
  region size 1024K, 1 young (1024K), 0 survivors (0K)
 Metaspace       used 60375K, committed 60736K, reserved 1114112K
  class space    used 7571K, committed 7744K, reserved 1048576K
}
Event: 33704.298 GC heap after
{Heap after GC invocations=3164 (full 3145):
 garbage-first heap   total 91136K, used 31763K [0x00000000c0000000, 0x0000000100000000)
  region size 1024K, 0 young (0K), 0 survivors (0K)
 Metaspace       used 60375K, committed 60736K, reserved 1114112K
  class space    used 7571K, committed 7744K, reserved 1048576K
}
Event: 33714.422 GC heap before
{Heap before GC invocations=3164 (full 3145):
 garbage-first heap   total 91136K, used 31763K [0x00000000c0000000, 0x0000000100000000)
  region size 1024K, 1 young (1024K), 0 survivors (0K)
 Metaspace       used 60375K, committed 60736K, reserved 1114112K
  class space    used 7571K, committed 7744K, reserved 1048576K
}
Event: 33714.450 GC heap after
{Heap after GC invocations=3165 (full 3146):
 garbage-first heap   total 91136K, used 31763K [0x00000000c0000000, 0x0000000100000000)
  region size 1024K, 0 young (0K), 0 survivors (0K)
 Metaspace       used 60375K, committed 60736K, reserved 1114112K
  class space    used 7571K, committed 7744K, reserved 1048576K
}
Event: 33724.561 GC heap before
{Heap before GC invocations=3165 (full 3146):
 garbage-first heap   total 91136K, used 31763K [0x00000000c0000000, 0x0000000100000000)
  region size 1024K, 1 young (1024K), 0 survivors (0K)
 Metaspace       used 60375K, committed 60736K, reserved 1114112K
  class space    used 7571K, committed 7744K, reserved 1048576K
}
Event: 33724.593 GC heap after
{Heap after GC invocations=3166 (full 3147):
 garbage-first heap   total 91136K, used 31763K [0x00000000c0000000, 0x0000000100000000)
  region size 1024K, 0 young (0K), 0 survivors (0K)
 Metaspace       used 60375K, committed 60736K, reserved 1114112K
  class space    used 7571K, committed 7744K, reserved 1048576K
}
Event: 33734.969 GC heap before
{Heap before GC invocations=3166 (full 3147):
 garbage-first heap   total 91136K, used 31763K [0x00000000c0000000, 0x0000000100000000)
  region size 1024K, 1 young (1024K), 0 survivors (0K)
 Metaspace       used 60375K, committed 60736K, reserved 1114112K
  class space    used 7571K, committed 7744K, reserved 1048576K
}

